<?xml version="1.0" encoding="UTF-8"?>
<!-- Generated by org.testng.reporters.JUnitXMLReporter -->
<testsuite ignored="0" hostname="deccdedbdcecbdebeaebeabdddafabbaa-0" failures="0" tests="6" name="Surefire test" time="113.646" errors="0" timestamp="2025-04-11T12:31:29 UTC">
  <testcase classname="runner.TestRunner1" name="testCase" time="11.002"/>
  <testcase classname="runner.TestRunner6" name="avon" time="10.784"/>
  <testcase classname="runner.TestRunner6" name="cambio" time="23.382"/>
  <testcase classname="runner.TestAvonCycles5" name="testCase5" time="14.418"/>
  <testcase classname="runner.TestAvonCycles5" name="testCase6" time="16.34"/>
  <testcase classname="runner.TestAvoncycles2" name="TestCaseOne" time="0.163"/>
</testsuite> <!-- Surefire test -->
