<?xml version="1.0" encoding="UTF-8"?>
<testng-results ignored="0" total="1" passed="1" failed="0" skipped="0">
  <reporter-output>
  </reporter-output>
  <suite started-at="2025-04-10T20:38:06 UTC" name="Surefire suite" finished-at="2025-04-10T20:38:24 UTC" duration-ms="18100">
    <groups>
    </groups>
    <test started-at="2025-04-10T20:38:06 UTC" name="Surefire test" finished-at="2025-04-10T20:38:24 UTC" duration-ms="18100">
      <class name="runner.TestAvoncycles2">
        <test-method is-config="true" signature="configReport()[pri:0, instance:runner.TestAvoncycles2@3967e60c]" started-at="2025-04-10T20:38:06 UTC" name="configReport" finished-at="2025-04-10T20:38:06 UTC" duration-ms="312" status="PASS">
          <reporter-output>
          </reporter-output>
        </test-method> <!-- configReport -->
        <test-method is-config="true" signature="configBrowser()[pri:0, instance:runner.TestAvoncycles2@3967e60c]" started-at="2025-04-10T20:38:06 UTC" name="configBrowser" finished-at="2025-04-10T20:38:13 UTC" duration-ms="6615" status="PASS">
          <reporter-output>
          </reporter-output>
        </test-method> <!-- configBrowser -->
        <test-method signature="TestCaseOne()[pri:0, instance:runner.TestAvoncycles2@3967e60c]" started-at="2025-04-10T20:38:13 UTC" name="TestCaseOne" finished-at="2025-04-10T20:38:24 UTC" duration-ms="10551" status="PASS">
          <reporter-output>
          </reporter-output>
        </test-method> <!-- TestCaseOne -->
        <test-method is-config="true" signature="freeResources()[pri:0, instance:runner.TestAvoncycles2@3967e60c]" started-at="2025-04-10T20:38:24 UTC" name="freeResources" finished-at="2025-04-10T20:38:24 UTC" duration-ms="223" status="PASS">
          <reporter-output>
          </reporter-output>
        </test-method> <!-- freeResources -->
        <test-method is-config="true" signature="flushReport()[pri:0, instance:runner.TestAvoncycles2@3967e60c]" started-at="2025-04-10T20:38:24 UTC" name="flushReport" finished-at="2025-04-10T20:38:24 UTC" duration-ms="374" status="PASS">
          <reporter-output>
          </reporter-output>
        </test-method> <!-- flushReport -->
      </class> <!-- runner.TestAvoncycles2 -->
    </test> <!-- Surefire test -->
  </suite> <!-- Surefire suite -->
</testng-results>
